# JRE version: Java(TM) SE Runtime Environment (8.0_281-b09) (build 1.8.0_281-b09)
# Java VM: Java HotSpot(TM) 64-Bit Server VM (25.281-b09 mixed mode windows-amd64 compressed oops)
Heap:
 PSYoungGen      total 172032K, used 60621K [0x00000000e0000000, 0x00000000eca80000, 0x0000000100000000)
  eden space 154112K, 39% used [0x00000000e0000000,0x00000000e3b335d8,0x00000000e9680000)
  from space 17920K, 0% used [0x00000000eab80000,0x00000000eab80000,0x00000000ebd00000)
  to   space 21504K, 0% used [0x00000000e9680000,0x00000000e9680000,0x00000000eab80000)
 ParOldGen       total 94208K, used 34758K [0x00000000a0000000, 0x00000000a5c00000, 0x00000000e0000000)
  object space 94208K, 36% used [0x00000000a0000000,0x00000000a21f1ab8,0x00000000a5c00000)
 Metaspace       used 60271K, capacity 63006K, committed 63192K, reserved 1103872K
  class space    used 8336K, capacity 8929K, committed 8960K, reserved 1048576K
GC Heap History (10 events):
Event: 3.742 GC heap before
{Heap before GC invocations=11 (full 2):
 PSYoungGen      total 115200K, used 104448K [0x00000000e0000000, 0x00000000e8080000, 0x0000000100000000)
  eden space 104448K, 100% used [0x00000000e0000000,0x00000000e6600000,0x00000000e6600000)
  from space 10752K, 0% used [0x00000000e7280000,0x00000000e7280000,0x00000000e7d00000)
  to   space 12800K, 0% used [0x00000000e6600000,0x00000000e6600000,0x00000000e7280000)
 ParOldGen       total 94208K, used 17882K [0x00000000a0000000, 0x00000000a5c00000, 0x00000000e0000000)
  object space 94208K, 18% used [0x00000000a0000000,0x00000000a1176818,0x00000000a5c00000)
 Metaspace       used 39249K, capacity 40666K, committed 40960K, reserved 1085440K
  class space    used 5437K, capacity 5764K, committed 5888K, reserved 1048576K
Event: 3.749 GC heap after
Heap after GC invocations=11 (full 2):
 PSYoungGen      total 117248K, used 9287K [0x00000000e0000000, 0x00000000e9700000, 0x0000000100000000)
  eden space 104448K, 0% used [0x00000000e0000000,0x00000000e0000000,0x00000000e6600000)
  from space 12800K, 72% used [0x00000000e6600000,0x00000000e6f11da8,0x00000000e7280000)
  to   space 12800K, 0% used [0x00000000e8a80000,0x00000000e8a80000,0x00000000e9700000)
 ParOldGen       total 94208K, used 17890K [0x00000000a0000000, 0x00000000a5c00000, 0x00000000e0000000)
  object space 94208K, 18% used [0x00000000a0000000,0x00000000a1178818,0x00000000a5c00000)
 Metaspace       used 39249K, capacity 40666K, committed 40960K, reserved 1085440K
  class space    used 5437K, capacity 5764K, committed 5888K, reserved 1048576K
}
Event: 4.292 GC heap before
{Heap before GC invocations=12 (full 2):
 PSYoungGen      total 117248K, used 113735K [0x00000000e0000000, 0x00000000e9700000, 0x0000000100000000)
  eden space 104448K, 100% used [0x00000000e0000000,0x00000000e6600000,0x00000000e6600000)
  from space 12800K, 72% used [0x00000000e6600000,0x00000000e6f11da8,0x00000000e7280000)
  to   space 12800K, 0% used [0x00000000e8a80000,0x00000000e8a80000,0x00000000e9700000)
 ParOldGen       total 94208K, used 17890K [0x00000000a0000000, 0x00000000a5c00000, 0x00000000e0000000)
  object space 94208K, 18% used [0x00000000a0000000,0x00000000a1178818,0x00000000a5c00000)
 Metaspace       used 45527K, capacity 47432K, committed 47744K, reserved 1089536K
  class space    used 6282K, capacity 6689K, committed 6784K, reserved 1048576K
Event: 4.301 GC heap after
Heap after GC invocations=12 (full 2):
 PSYoungGen      total 140288K, used 12263K [0x00000000e0000000, 0x00000000e9a00000, 0x0000000100000000)
  eden space 127488K, 0% used [0x00000000e0000000,0x00000000e0000000,0x00000000e7c80000)
  from space 12800K, 95% used [0x00000000e8a80000,0x00000000e9679ef8,0x00000000e9700000)
  to   space 14336K, 0% used [0x00000000e7c80000,0x00000000e7c80000,0x00000000e8a80000)
 ParOldGen       total 94208K, used 17898K [0x00000000a0000000, 0x00000000a5c00000, 0x00000000e0000000)
  object space 94208K, 18% used [0x00000000a0000000,0x00000000a117a818,0x00000000a5c00000)
 Metaspace       used 45527K, capacity 47432K, committed 47744K, reserved 1089536K
  class space    used 6282K, capacity 6689K, committed 6784K, reserved 1048576K
}
Event: 5.107 GC heap before
{Heap before GC invocations=13 (full 2):
 PSYoungGen      total 140288K, used 139751K [0x00000000e0000000, 0x00000000e9a00000, 0x0000000100000000)
  eden space 127488K, 100% used [0x00000000e0000000,0x00000000e7c80000,0x00000000e7c80000)
  from space 12800K, 95% used [0x00000000e8a80000,0x00000000e9679ef8,0x00000000e9700000)
  to   space 14336K, 0% used [0x00000000e7c80000,0x00000000e7c80000,0x00000000e8a80000)
 ParOldGen       total 94208K, used 17898K [0x00000000a0000000, 0x00000000a5c00000, 0x00000000e0000000)
  object space 94208K, 18% used [0x00000000a0000000,0x00000000a117a818,0x00000000a5c00000)
 Metaspace       used 54139K, capacity 56244K, committed 56448K, reserved 1097728K
  class space    used 7312K, capacity 7728K, committed 7808K, reserved 1048576K
Event: 5.121 GC heap after
Heap after GC invocations=13 (full 2):
 PSYoungGen      total 141824K, used 14306K [0x00000000e0000000, 0x00000000ebd00000, 0x0000000100000000)
  eden space 127488K, 0% used [0x00000000e0000000,0x00000000e0000000,0x00000000e7c80000)
  from space 14336K, 99% used [0x00000000e7c80000,0x00000000e8a78b80,0x00000000e8a80000)
  to   space 17920K, 0% used [0x00000000eab80000,0x00000000eab80000,0x00000000ebd00000)
 ParOldGen       total 94208K, used 23753K [0x00000000a0000000, 0x00000000a5c00000, 0x00000000e0000000)
  object space 94208K, 25% used [0x00000000a0000000,0x00000000a1732778,0x00000000a5c00000)
 Metaspace       used 54139K, capacity 56244K, committed 56448K, reserved 1097728K
  class space    used 7312K, capacity 7728K, committed 7808K, reserved 1048576K
}
Event: 5.544 GC heap before
{Heap before GC invocations=14 (full 2):
 PSYoungGen      total 141824K, used 84069K [0x00000000e0000000, 0x00000000ebd00000, 0x0000000100000000)
  eden space 127488K, 54% used [0x00000000e0000000,0x00000000e4420b98,0x00000000e7c80000)
  from space 14336K, 99% used [0x00000000e7c80000,0x00000000e8a78b80,0x00000000e8a80000)
  to   space 17920K, 0% used [0x00000000eab80000,0x00000000eab80000,0x00000000ebd00000)
 ParOldGen       total 94208K, used 23753K [0x00000000a0000000, 0x00000000a5c00000, 0x00000000e0000000)
  object space 94208K, 25% used [0x00000000a0000000,0x00000000a1732778,0x00000000a5c00000)
 Metaspace       used 56565K, capacity 58972K, committed 59096K, reserved 1099776K
  class space    used 7677K, capacity 8182K, committed 8192K, reserved 1048576K
Event: 5.563 GC heap after
Heap after GC invocations=14 (full 2):
 PSYoungGen      total 172032K, used 17890K [0x00000000e0000000, 0x00000000eca80000, 0x0000000100000000)
  eden space 154112K, 0% used [0x00000000e0000000,0x00000000e0000000,0x00000000e9680000)
  from space 17920K, 99% used [0x00000000eab80000,0x00000000ebcf8ba0,0x00000000ebd00000)
  to   space 21504K, 0% used [0x00000000e9680000,0x00000000e9680000,0x00000000eab80000)
 ParOldGen       total 94208K, used 26470K [0x00000000a0000000, 0x00000000a5c00000, 0x00000000e0000000)
  object space 94208K, 28% used [0x00000000a0000000,0x00000000a19d9b90,0x00000000a5c00000)
 Metaspace       used 56565K, capacity 58972K, committed 59096K, reserved 1099776K
  class space    used 7677K, capacity 8182K, committed 8192K, reserved 1048576K
}
Event: 5.563 GC heap before
{Heap before GC invocations=15 (full 3):
 PSYoungGen      total 172032K, used 17890K [0x00000000e0000000, 0x00000000eca80000, 0x0000000100000000)
  eden space 154112K, 0% used [0x00000000e0000000,0x00000000e0000000,0x00000000e9680000)
  from space 17920K, 99% used [0x00000000eab80000,0x00000000ebcf8ba0,0x00000000ebd00000)
  to   space 21504K, 0% used [0x00000000e9680000,0x00000000e9680000,0x00000000eab80000)
 ParOldGen       total 94208K, used 26470K [0x00000000a0000000, 0x00000000a5c00000, 0x00000000e0000000)
  object space 94208K, 28% used [0x00000000a0000000,0x00000000a19d9b90,0x00000000a5c00000)
 Metaspace       used 56565K, capacity 58972K, committed 59096K, reserved 1099776K
  class space    used 7677K, capacity 8182K, committed 8192K, reserved 1048576K
Event: 5.747 GC heap after
Heap after GC invocations=15 (full 3):
 PSYoungGen      total 172032K, used 0K [0x00000000e0000000, 0x00000000eca80000, 0x0000000100000000)
  eden space 154112K, 0% used [0x00000000e0000000,0x00000000e0000000,0x00000000e9680000)
  from space 17920K, 0% used [0x00000000eab80000,0x00000000eab80000,0x00000000ebd00000)
  to   space 21504K, 0% used [0x00000000e9680000,0x00000000e9680000,0x00000000eab80000)
 ParOldGen       total 94208K, used 34758K [0x00000000a0000000, 0x00000000a5c00000, 0x00000000e0000000)
  object space 94208K, 36% used [0x00000000a0000000,0x00000000a21f1ab8,0x00000000a5c00000)
 Metaspace       used 56529K, capacity 58852K, committed 59096K, reserved 1099776K
  class space    used 7666K, capacity 8162K, committed 8192K, reserved 1048576K
}

