# JRE version: Java(TM) SE Runtime Environment (8.0_281-b09) (build 1.8.0_281-b09)
# Java VM: Java HotSpot(TM) 64-Bit Server VM (25.281-b09 mixed mode windows-amd64 compressed oops)
Heap:
 PSYoungGen      total 326656K, used 163771K [0x00000000e0000000, 0x00000000f7f00000, 0x0000000100000000)
  eden space 294912K, 54% used [0x00000000e0000000,0x00000000e9cafae8,0x00000000f2000000)
  from space 31744K, 10% used [0x00000000f2000000,0x00000000f233f2c8,0x00000000f3f00000)
  to   space 31744K, 0% used [0x00000000f6000000,0x00000000f6000000,0x00000000f7f00000)
 ParOldGen       total 215040K, used 67064K [0x00000000a0000000, 0x00000000ad200000, 0x00000000e0000000)
  object space 215040K, 31% used [0x00000000a0000000,0x00000000a417e090,0x00000000ad200000)
 Metaspace       used 94726K, capacity 100162K, committed 101120K, reserved 1136640K
  class space    used 12780K, capacity 13915K, committed 14080K, reserved 1048576K
GC Heap History (10 events):
Event: 11.273 GC heap before
{Heap before GC invocations=19 (full 3):
 PSYoungGen      total 242176K, used 242165K [0x00000000e0000000, 0x00000000f3800000, 0x0000000100000000)
  eden space 222208K, 100% used [0x00000000e0000000,0x00000000ed900000,0x00000000ed900000)
  from space 19968K, 99% used [0x00000000ed900000,0x00000000eec7d600,0x00000000eec80000)
  to   space 27136K, 0% used [0x00000000f1d80000,0x00000000f1d80000,0x00000000f3800000)
 ParOldGen       total 135168K, used 46061K [0x00000000a0000000, 0x00000000a8400000, 0x00000000e0000000)
  object space 135168K, 34% used [0x00000000a0000000,0x00000000a2cfb5a0,0x00000000a8400000)
 Metaspace       used 83394K, capacity 88290K, committed 88576K, reserved 1124352K
  class space    used 11705K, capacity 12674K, committed 12800K, reserved 1048576K
Event: 11.296 GC heap after
Heap after GC invocations=19 (full 3):
 PSYoungGen      total 291840K, used 16856K [0x00000000e0000000, 0x00000000f4400000, 0x0000000100000000)
  eden space 264704K, 0% used [0x00000000e0000000,0x00000000e0000000,0x00000000f0280000)
  from space 27136K, 62% used [0x00000000f1d80000,0x00000000f2df6268,0x00000000f3800000)
  to   space 27648K, 0% used [0x00000000f0280000,0x00000000f0280000,0x00000000f1d80000)
 ParOldGen       total 135168K, used 58476K [0x00000000a0000000, 0x00000000a8400000, 0x00000000e0000000)
  object space 135168K, 43% used [0x00000000a0000000,0x00000000a391b310,0x00000000a8400000)
 Metaspace       used 83394K, capacity 88290K, committed 88576K, reserved 1124352K
  class space    used 11705K, capacity 12674K, committed 12800K, reserved 1048576K
}
Event: 19.234 GC heap before
{Heap before GC invocations=20 (full 3):
 PSYoungGen      total 291840K, used 281560K [0x00000000e0000000, 0x00000000f4400000, 0x0000000100000000)
  eden space 264704K, 100% used [0x00000000e0000000,0x00000000f0280000,0x00000000f0280000)
  from space 27136K, 62% used [0x00000000f1d80000,0x00000000f2df6268,0x00000000f3800000)
  to   space 27648K, 0% used [0x00000000f0280000,0x00000000f0280000,0x00000000f1d80000)
 ParOldGen       total 135168K, used 58476K [0x00000000a0000000, 0x00000000a8400000, 0x00000000e0000000)
  object space 135168K, 43% used [0x00000000a0000000,0x00000000a391b310,0x00000000a8400000)
 Metaspace       used 87718K, capacity 93146K, committed 93312K, reserved 1130496K
  class space    used 12040K, capacity 13142K, committed 13184K, reserved 1048576K
Event: 19.255 GC heap after
Heap after GC invocations=20 (full 3):
 PSYoungGen      total 292352K, used 27647K [0x00000000e0000000, 0x00000000f6780000, 0x0000000100000000)
  eden space 264704K, 0% used [0x00000000e0000000,0x00000000e0000000,0x00000000f0280000)
  from space 27648K, 99% used [0x00000000f0280000,0x00000000f1d7fd30,0x00000000f1d80000)
  to   space 33280K, 0% used [0x00000000f4700000,0x00000000f4700000,0x00000000f6780000)
 ParOldGen       total 135168K, used 61603K [0x00000000a0000000, 0x00000000a8400000, 0x00000000e0000000)
  object space 135168K, 45% used [0x00000000a0000000,0x00000000a3c28fe8,0x00000000a8400000)
 Metaspace       used 87718K, capacity 93146K, committed 93312K, reserved 1130496K
  class space    used 12040K, capacity 13142K, committed 13184K, reserved 1048576K
}
Event: 1156.440 GC heap before
{Heap before GC invocations=21 (full 3):
 PSYoungGen      total 292352K, used 167321K [0x00000000e0000000, 0x00000000f6780000, 0x0000000100000000)
  eden space 264704K, 52% used [0x00000000e0000000,0x00000000e88668b8,0x00000000f0280000)
  from space 27648K, 99% used [0x00000000f0280000,0x00000000f1d7fd30,0x00000000f1d80000)
  to   space 33280K, 0% used [0x00000000f4700000,0x00000000f4700000,0x00000000f6780000)
 ParOldGen       total 135168K, used 61603K [0x00000000a0000000, 0x00000000a8400000, 0x00000000e0000000)
  object space 135168K, 45% used [0x00000000a0000000,0x00000000a3c28fe8,0x00000000a8400000)
 Metaspace       used 92525K, capacity 98288K, committed 98560K, reserved 1134592K
  class space    used 12634K, capacity 13807K, committed 13824K, reserved 1048576K
Event: 1156.510 GC heap after
Heap after GC invocations=21 (full 3):
 PSYoungGen      total 318464K, used 15716K [0x00000000e0000000, 0x00000000f5e00000, 0x0000000100000000)
  eden space 294912K, 0% used [0x00000000e0000000,0x00000000e0000000,0x00000000f2000000)
  from space 23552K, 66% used [0x00000000f4700000,0x00000000f5659060,0x00000000f5e00000)
  to   space 31744K, 0% used [0x00000000f2000000,0x00000000f2000000,0x00000000f3f00000)
 ParOldGen       total 135168K, used 86929K [0x00000000a0000000, 0x00000000a8400000, 0x00000000e0000000)
  object space 135168K, 64% used [0x00000000a0000000,0x00000000a54e4508,0x00000000a8400000)
 Metaspace       used 92525K, capacity 98288K, committed 98560K, reserved 1134592K
  class space    used 12634K, capacity 13807K, committed 13824K, reserved 1048576K
}
Event: 1156.510 GC heap before
{Heap before GC invocations=22 (full 4):
 PSYoungGen      total 318464K, used 15716K [0x00000000e0000000, 0x00000000f5e00000, 0x0000000100000000)
  eden space 294912K, 0% used [0x00000000e0000000,0x00000000e0000000,0x00000000f2000000)
  from space 23552K, 66% used [0x00000000f4700000,0x00000000f5659060,0x00000000f5e00000)
  to   space 31744K, 0% used [0x00000000f2000000,0x00000000f2000000,0x00000000f3f00000)
 ParOldGen       total 135168K, used 86929K [0x00000000a0000000, 0x00000000a8400000, 0x00000000e0000000)
  object space 135168K, 64% used [0x00000000a0000000,0x00000000a54e4508,0x00000000a8400000)
 Metaspace       used 92525K, capacity 98288K, committed 98560K, reserved 1134592K
  class space    used 12634K, capacity 13807K, committed 13824K, reserved 1048576K
Event: 1156.774 GC heap after
Heap after GC invocations=22 (full 4):
 PSYoungGen      total 318464K, used 0K [0x00000000e0000000, 0x00000000f5e00000, 0x0000000100000000)
  eden space 294912K, 0% used [0x00000000e0000000,0x00000000e0000000,0x00000000f2000000)
  from space 23552K, 0% used [0x00000000f4700000,0x00000000f4700000,0x00000000f5e00000)
  to   space 31744K, 0% used [0x00000000f2000000,0x00000000f2000000,0x00000000f3f00000)
 ParOldGen       total 215040K, used 67056K [0x00000000a0000000, 0x00000000ad200000, 0x00000000e0000000)
  object space 215040K, 31% used [0x00000000a0000000,0x00000000a417c090,0x00000000ad200000)
 Metaspace       used 92218K, capacity 97404K, committed 98560K, reserved 1134592K
  class space    used 12533K, capacity 13637K, committed 13824K, reserved 1048576K
}
Event: 1171.894 GC heap before
{Heap before GC invocations=23 (full 4):
 PSYoungGen      total 318464K, used 294912K [0x00000000e0000000, 0x00000000f5e00000, 0x0000000100000000)
  eden space 294912K, 100% used [0x00000000e0000000,0x00000000f2000000,0x00000000f2000000)
  from space 23552K, 0% used [0x00000000f4700000,0x00000000f4700000,0x00000000f5e00000)
  to   space 31744K, 0% used [0x00000000f2000000,0x00000000f2000000,0x00000000f3f00000)
 ParOldGen       total 215040K, used 67056K [0x00000000a0000000, 0x00000000ad200000, 0x00000000e0000000)
  object space 215040K, 31% used [0x00000000a0000000,0x00000000a417c090,0x00000000ad200000)
 Metaspace       used 94328K, capacity 99592K, committed 100608K, reserved 1136640K
  class space    used 12733K, capacity 13819K, committed 14080K, reserved 1048576K
Event: 1171.901 GC heap after
Heap after GC invocations=23 (full 4):
 PSYoungGen      total 326656K, used 3324K [0x00000000e0000000, 0x00000000f7f00000, 0x0000000100000000)
  eden space 294912K, 0% used [0x00000000e0000000,0x00000000e0000000,0x00000000f2000000)
  from space 31744K, 10% used [0x00000000f2000000,0x00000000f233f2c8,0x00000000f3f00000)
  to   space 31744K, 0% used [0x00000000f6000000,0x00000000f6000000,0x00000000f7f00000)
 ParOldGen       total 215040K, used 67064K [0x00000000a0000000, 0x00000000ad200000, 0x00000000e0000000)
  object space 215040K, 31% used [0x00000000a0000000,0x00000000a417e090,0x00000000ad200000)
 Metaspace       used 94328K, capacity 99592K, committed 100608K, reserved 1136640K
  class space    used 12733K, capacity 13819K, committed 14080K, reserved 1048576K
}

