# JRE version: Java(TM) SE Runtime Environment (8.0_281-b09) (build 1.8.0_281-b09)
# Java VM: Java HotSpot(TM) 64-Bit Server VM (25.281-b09 mixed mode windows-amd64 compressed oops)
Heap:
 PSYoungGen      total 241664K, used 235208K [0x00000000e0000000, 0x00000000f0b00000, 0x0000000100000000)
  eden space 215040K, 98% used [0x00000000e0000000,0x00000000ecf7c8f8,0x00000000ed200000)
  from space 26624K, 85% used [0x00000000ef100000,0x00000000f0735918,0x00000000f0b00000)
  to   space 29184K, 0% used [0x00000000ed200000,0x00000000ed200000,0x00000000eee80000)
 ParOldGen       total 137728K, used 35030K [0x00000000a0000000, 0x00000000a8680000, 0x00000000e0000000)
  object space 137728K, 25% used [0x00000000a0000000,0x00000000a2235bb8,0x00000000a8680000)
 Metaspace       used 71544K, capacity 75870K, committed 75992K, reserved 1114112K
  class space    used 9742K, capacity 10678K, committed 10752K, reserved 1048576K
GC Heap History (10 events):
Event: 6.403 GC heap before
{Heap before GC invocations=15 (full 3):
 PSYoungGen      total 176128K, used 17890K [0x00000000e0000000, 0x00000000ed000000, 0x0000000100000000)
  eden space 158208K, 0% used [0x00000000e0000000,0x00000000e0000000,0x00000000e9a80000)
  from space 17920K, 99% used [0x00000000eaf80000,0x00000000ec0f8ba0,0x00000000ec100000)
  to   space 21504K, 0% used [0x00000000e9a80000,0x00000000e9a80000,0x00000000eaf80000)
 ParOldGen       total 92672K, used 26337K [0x00000000a0000000, 0x00000000a5a80000, 0x00000000e0000000)
  object space 92672K, 28% used [0x00000000a0000000,0x00000000a19b86c8,0x00000000a5a80000)
 Metaspace       used 56539K, capacity 59090K, committed 59096K, reserved 1099776K
  class space    used 7661K, capacity 8188K, committed 8192K, reserved 1048576K
Event: 6.612 GC heap after
Heap after GC invocations=15 (full 3):
 PSYoungGen      total 176128K, used 0K [0x00000000e0000000, 0x00000000ed000000, 0x0000000100000000)
  eden space 158208K, 0% used [0x00000000e0000000,0x00000000e0000000,0x00000000e9a80000)
  from space 17920K, 0% used [0x00000000eaf80000,0x00000000eaf80000,0x00000000ec100000)
  to   space 21504K, 0% used [0x00000000e9a80000,0x00000000e9a80000,0x00000000eaf80000)
 ParOldGen       total 137728K, used 34655K [0x00000000a0000000, 0x00000000a8680000, 0x00000000e0000000)
  object space 137728K, 25% used [0x00000000a0000000,0x00000000a21d7ed8,0x00000000a8680000)
 Metaspace       used 56489K, capacity 58922K, committed 59096K, reserved 1099776K
  class space    used 7645K, capacity 8160K, committed 8192K, reserved 1048576K
}
Event: 7.825 GC heap before
{Heap before GC invocations=16 (full 3):
 PSYoungGen      total 176128K, used 158208K [0x00000000e0000000, 0x00000000ed000000, 0x0000000100000000)
  eden space 158208K, 100% used [0x00000000e0000000,0x00000000e9a80000,0x00000000e9a80000)
  from space 17920K, 0% used [0x00000000eaf80000,0x00000000eaf80000,0x00000000ec100000)
  to   space 21504K, 0% used [0x00000000e9a80000,0x00000000e9a80000,0x00000000eaf80000)
 ParOldGen       total 137728K, used 34655K [0x00000000a0000000, 0x00000000a8680000, 0x00000000e0000000)
  object space 137728K, 25% used [0x00000000a0000000,0x00000000a21d7ed8,0x00000000a8680000)
 Metaspace       used 62820K, capacity 65954K, committed 66136K, reserved 1105920K
  class space    used 8758K, capacity 9479K, committed 9600K, reserved 1048576K
Event: 7.840 GC heap after
Heap after GC invocations=16 (full 3):
 PSYoungGen      total 179712K, used 16177K [0x00000000e0000000, 0x00000000ee780000, 0x0000000100000000)
  eden space 158208K, 0% used [0x00000000e0000000,0x00000000e0000000,0x00000000e9a80000)
  from space 21504K, 75% used [0x00000000e9a80000,0x00000000eaa4c558,0x00000000eaf80000)
  to   space 22528K, 0% used [0x00000000ed180000,0x00000000ed180000,0x00000000ee780000)
 ParOldGen       total 137728K, used 34663K [0x00000000a0000000, 0x00000000a8680000, 0x00000000e0000000)
  object space 137728K, 25% used [0x00000000a0000000,0x00000000a21d9ed8,0x00000000a8680000)
 Metaspace       used 62820K, capacity 65954K, committed 66136K, reserved 1105920K
  class space    used 8758K, capacity 9479K, committed 9600K, reserved 1048576K
}
Event: 12.712 GC heap before
{Heap before GC invocations=17 (full 3):
 PSYoungGen      total 179712K, used 174385K [0x00000000e0000000, 0x00000000ee780000, 0x0000000100000000)
  eden space 158208K, 100% used [0x00000000e0000000,0x00000000e9a80000,0x00000000e9a80000)
  from space 21504K, 75% used [0x00000000e9a80000,0x00000000eaa4c558,0x00000000eaf80000)
  to   space 22528K, 0% used [0x00000000ed180000,0x00000000ed180000,0x00000000ee780000)
 ParOldGen       total 137728K, used 34663K [0x00000000a0000000, 0x00000000a8680000, 0x00000000e0000000)
  object space 137728K, 25% used [0x00000000a0000000,0x00000000a21d9ed8,0x00000000a8680000)
 Metaspace       used 69466K, capacity 72824K, committed 73048K, reserved 1112064K
  class space    used 9557K, capacity 10284K, committed 10368K, reserved 1048576K
Event: 12.726 GC heap after
Heap after GC invocations=17 (full 3):
 PSYoungGen      total 209408K, used 22516K [0x00000000e0000000, 0x00000000ee880000, 0x0000000100000000)
  eden space 186880K, 0% used [0x00000000e0000000,0x00000000e0000000,0x00000000eb680000)
  from space 22528K, 99% used [0x00000000ed180000,0x00000000ee77d000,0x00000000ee780000)
  to   space 25600K, 0% used [0x00000000eb680000,0x00000000eb680000,0x00000000ecf80000)
 ParOldGen       total 137728K, used 35022K [0x00000000a0000000, 0x00000000a8680000, 0x00000000e0000000)
  object space 137728K, 25% used [0x00000000a0000000,0x00000000a2233bb8,0x00000000a8680000)
 Metaspace       used 69466K, capacity 72824K, committed 73048K, reserved 1112064K
  class space    used 9557K, capacity 10284K, committed 10368K, reserved 1048576K
}
Event: 13.565 GC heap before
{Heap before GC invocations=18 (full 3):
 PSYoungGen      total 209408K, used 209396K [0x00000000e0000000, 0x00000000ee880000, 0x0000000100000000)
  eden space 186880K, 100% used [0x00000000e0000000,0x00000000eb680000,0x00000000eb680000)
  from space 22528K, 99% used [0x00000000ed180000,0x00000000ee77d000,0x00000000ee780000)
  to   space 25600K, 0% used [0x00000000eb680000,0x00000000eb680000,0x00000000ecf80000)
 ParOldGen       total 137728K, used 35022K [0x00000000a0000000, 0x00000000a8680000, 0x00000000e0000000)
  object space 137728K, 25% used [0x00000000a0000000,0x00000000a2233bb8,0x00000000a8680000)
 Metaspace       used 69472K, capacity 72824K, committed 73048K, reserved 1112064K
  class space    used 9558K, capacity 10284K, committed 10368K, reserved 1048576K
Event: 13.577 GC heap after
Heap after GC invocations=18 (full 3):
 PSYoungGen      total 212480K, used 19228K [0x00000000e0000000, 0x00000000f0b80000, 0x0000000100000000)
  eden space 186880K, 0% used [0x00000000e0000000,0x00000000e0000000,0x00000000eb680000)
  from space 25600K, 75% used [0x00000000eb680000,0x00000000ec9470c8,0x00000000ecf80000)
  to   space 27136K, 0% used [0x00000000ef100000,0x00000000ef100000,0x00000000f0b80000)
 ParOldGen       total 137728K, used 35022K [0x00000000a0000000, 0x00000000a8680000, 0x00000000e0000000)
  object space 137728K, 25% used [0x00000000a0000000,0x00000000a2233bb8,0x00000000a8680000)
 Metaspace       used 69472K, capacity 72824K, committed 73048K, reserved 1112064K
  class space    used 9558K, capacity 10284K, committed 10368K, reserved 1048576K
}
Event: 17.408 GC heap before
{Heap before GC invocations=19 (full 3):
 PSYoungGen      total 212480K, used 206108K [0x00000000e0000000, 0x00000000f0b80000, 0x0000000100000000)
  eden space 186880K, 100% used [0x00000000e0000000,0x00000000eb680000,0x00000000eb680000)
  from space 25600K, 75% used [0x00000000eb680000,0x00000000ec9470c8,0x00000000ecf80000)
  to   space 27136K, 0% used [0x00000000ef100000,0x00000000ef100000,0x00000000f0b80000)
 ParOldGen       total 137728K, used 35022K [0x00000000a0000000, 0x00000000a8680000, 0x00000000e0000000)
  object space 137728K, 25% used [0x00000000a0000000,0x00000000a2233bb8,0x00000000a8680000)
 Metaspace       used 70278K, capacity 73796K, committed 73816K, reserved 1112064K
  class space    used 9607K, capacity 10349K, committed 10368K, reserved 1048576K
Event: 17.422 GC heap after
Heap after GC invocations=19 (full 3):
 PSYoungGen      total 241664K, used 22742K [0x00000000e0000000, 0x00000000f0b00000, 0x0000000100000000)
  eden space 215040K, 0% used [0x00000000e0000000,0x00000000e0000000,0x00000000ed200000)
  from space 26624K, 85% used [0x00000000ef100000,0x00000000f0735918,0x00000000f0b00000)
  to   space 29184K, 0% used [0x00000000ed200000,0x00000000ed200000,0x00000000eee80000)
 ParOldGen       total 137728K, used 35030K [0x00000000a0000000, 0x00000000a8680000, 0x00000000e0000000)
  object space 137728K, 25% used [0x00000000a0000000,0x00000000a2235bb8,0x00000000a8680000)
 Metaspace       used 70278K, capacity 73796K, committed 73816K, reserved 1112064K
  class space    used 9607K, capacity 10349K, committed 10368K, reserved 1048576K
}

